C:\USERS\RULA\DOCUMENTS\VISUAL STUDIO 2010\PROJECTS\ENGINE\DEBUG\ENGINE.EXE
C:\USERS\RULA\DOCUMENTS\VISUAL STUDIO 2010\PROJECTS\ENGINE\DEBUG\ENGINE.ILK
C:\USERS\RULA\DOCUMENTS\VISUAL STUDIO 2010\PROJECTS\ENGINE\DEBUG\ENGINE.PDB
C:\Users\Rula\documents\visual studio 2010\Projects\Engine\Engine\Debug\cl.command.1.tlog
C:\Users\Rula\documents\visual studio 2010\Projects\Engine\Engine\Debug\CL.read.1.tlog
C:\Users\Rula\documents\visual studio 2010\Projects\Engine\Engine\Debug\CL.write.1.tlog
C:\USERS\RULA\DOCUMENTS\VISUAL STUDIO 2010\PROJECTS\ENGINE\ENGINE\DEBUG\ENGINE.EXE.EMBED.MANIFEST
C:\USERS\RULA\DOCUMENTS\VISUAL STUDIO 2010\PROJECTS\ENGINE\ENGINE\DEBUG\ENGINE.EXE.EMBED.MANIFEST.RES
C:\USERS\RULA\DOCUMENTS\VISUAL STUDIO 2010\PROJECTS\ENGINE\ENGINE\DEBUG\ENGINE.EXE.INTERMEDIATE.MANIFEST
C:\Users\Rula\documents\visual studio 2010\Projects\Engine\Engine\Debug\Engine_manifest.rc
C:\Users\Rula\documents\visual studio 2010\Projects\Engine\Engine\Debug\link.2332.read.1.tlog
C:\Users\Rula\documents\visual studio 2010\Projects\Engine\Engine\Debug\link.2332.write.1.tlog
C:\Users\Rula\documents\visual studio 2010\Projects\Engine\Engine\Debug\link.2332-cvtres.read.1.tlog
C:\Users\Rula\documents\visual studio 2010\Projects\Engine\Engine\Debug\link.2332-cvtres.write.1.tlog
C:\Users\Rula\documents\visual studio 2010\Projects\Engine\Engine\Debug\link.3172.read.1.tlog
C:\Users\Rula\documents\visual studio 2010\Projects\Engine\Engine\Debug\link.3172.write.1.tlog
C:\Users\Rula\documents\visual studio 2010\Projects\Engine\Engine\Debug\link.3172-cvtres.read.1.tlog
C:\Users\Rula\documents\visual studio 2010\Projects\Engine\Engine\Debug\link.3172-cvtres.write.1.tlog
C:\Users\Rula\documents\visual studio 2010\Projects\Engine\Engine\Debug\link.command.1.tlog
C:\Users\Rula\documents\visual studio 2010\Projects\Engine\Engine\Debug\link.read.1.tlog
C:\Users\Rula\documents\visual studio 2010\Projects\Engine\Engine\Debug\link.write.1.tlog
C:\Users\Rula\documents\visual studio 2010\Projects\Engine\Engine\Debug\link-cvtres.read.1.tlog
C:\Users\Rula\documents\visual studio 2010\Projects\Engine\Engine\Debug\link-cvtres.write.1.tlog
C:\Users\Rula\documents\visual studio 2010\Projects\Engine\Engine\Debug\mt.command.1.tlog
C:\Users\Rula\documents\visual studio 2010\Projects\Engine\Engine\Debug\mt.read.1.tlog
C:\Users\Rula\documents\visual studio 2010\Projects\Engine\Engine\Debug\mt.write.1.tlog
C:\Users\Rula\documents\visual studio 2010\Projects\Engine\Engine\Debug\rc.command.1.tlog
C:\Users\Rula\documents\visual studio 2010\Projects\Engine\Engine\Debug\rc.read.1.tlog
C:\Users\Rula\documents\visual studio 2010\Projects\Engine\Engine\Debug\rc.write.1.tlog
C:\USERS\RULA\DOCUMENTS\VISUAL STUDIO 2010\PROJECTS\ENGINE\ENGINE\DEBUG\START.OBJ
C:\Users\Rula\documents\visual studio 2010\Projects\Engine\Engine\Debug\vc100.idb
C:\USERS\RULA\DOCUMENTS\VISUAL STUDIO 2010\PROJECTS\ENGINE\ENGINE\DEBUG\VC100.PDB
