C:\Users\Rula\documents\visual studio 2010\Projects\Engine\Engine\x64\Debug\cl.command.1.tlog
C:\Users\Rula\documents\visual studio 2010\Projects\Engine\Engine\x64\Debug\CL.read.1.tlog
C:\Users\Rula\documents\visual studio 2010\Projects\Engine\Engine\x64\Debug\CL.write.1.tlog
C:\USERS\RULA\DOCUMENTS\VISUAL STUDIO 2010\PROJECTS\ENGINE\ENGINE\X64\DEBUG\ENGINE.EXE.EMBED.MANIFEST
C:\USERS\RULA\DOCUMENTS\VISUAL STUDIO 2010\PROJECTS\ENGINE\ENGINE\X64\DEBUG\ENGINE.EXE.EMBED.MANIFEST.RES
C:\USERS\RULA\DOCUMENTS\VISUAL STUDIO 2010\PROJECTS\ENGINE\ENGINE\X64\DEBUG\ENGINE.EXE.INTERMEDIATE.MANIFEST
C:\Users\Rula\documents\visual studio 2010\Projects\Engine\Engine\x64\Debug\Engine.vcxprojResolveAssemblyReference.cache
C:\Users\Rula\documents\visual studio 2010\Projects\Engine\Engine\x64\Debug\Engine.write.1.tlog
C:\Users\Rula\documents\visual studio 2010\Projects\Engine\Engine\x64\Debug\Engine_manifest.rc
C:\Users\Rula\documents\visual studio 2010\Projects\Engine\Engine\x64\Debug\link.1220.read.1.tlog
C:\Users\Rula\documents\visual studio 2010\Projects\Engine\Engine\x64\Debug\link.1220.write.1.tlog
C:\Users\Rula\documents\visual studio 2010\Projects\Engine\Engine\x64\Debug\link.1220-cvtres.read.1.tlog
C:\Users\Rula\documents\visual studio 2010\Projects\Engine\Engine\x64\Debug\link.1220-cvtres.write.1.tlog
C:\Users\Rula\documents\visual studio 2010\Projects\Engine\Engine\x64\Debug\link.1736.read.1.tlog
C:\Users\Rula\documents\visual studio 2010\Projects\Engine\Engine\x64\Debug\link.1736.write.1.tlog
C:\Users\Rula\documents\visual studio 2010\Projects\Engine\Engine\x64\Debug\link.1736-cvtres.read.1.tlog
C:\Users\Rula\documents\visual studio 2010\Projects\Engine\Engine\x64\Debug\link.1736-cvtres.write.1.tlog
C:\Users\Rula\documents\visual studio 2010\Projects\Engine\Engine\x64\Debug\link.1936.read.1.tlog
C:\Users\Rula\documents\visual studio 2010\Projects\Engine\Engine\x64\Debug\link.1936.write.1.tlog
C:\Users\Rula\documents\visual studio 2010\Projects\Engine\Engine\x64\Debug\link.1936-cvtres.read.1.tlog
C:\Users\Rula\documents\visual studio 2010\Projects\Engine\Engine\x64\Debug\link.1936-cvtres.write.1.tlog
C:\Users\Rula\documents\visual studio 2010\Projects\Engine\Engine\x64\Debug\link.2436.read.1.tlog
C:\Users\Rula\documents\visual studio 2010\Projects\Engine\Engine\x64\Debug\link.2436.write.1.tlog
C:\Users\Rula\documents\visual studio 2010\Projects\Engine\Engine\x64\Debug\link.2436-cvtres.read.1.tlog
C:\Users\Rula\documents\visual studio 2010\Projects\Engine\Engine\x64\Debug\link.2436-cvtres.write.1.tlog
C:\Users\Rula\documents\visual studio 2010\Projects\Engine\Engine\x64\Debug\link.2700.read.1.tlog
C:\Users\Rula\documents\visual studio 2010\Projects\Engine\Engine\x64\Debug\link.2700.write.1.tlog
C:\Users\Rula\documents\visual studio 2010\Projects\Engine\Engine\x64\Debug\link.2700-cvtres.read.1.tlog
C:\Users\Rula\documents\visual studio 2010\Projects\Engine\Engine\x64\Debug\link.2700-cvtres.write.1.tlog
C:\Users\Rula\documents\visual studio 2010\Projects\Engine\Engine\x64\Debug\link.3088.read.1.tlog
C:\Users\Rula\documents\visual studio 2010\Projects\Engine\Engine\x64\Debug\link.3088.write.1.tlog
C:\Users\Rula\documents\visual studio 2010\Projects\Engine\Engine\x64\Debug\link.3088-cvtres.read.1.tlog
C:\Users\Rula\documents\visual studio 2010\Projects\Engine\Engine\x64\Debug\link.3088-cvtres.write.1.tlog
C:\Users\Rula\documents\visual studio 2010\Projects\Engine\Engine\x64\Debug\link.3372.read.1.tlog
C:\Users\Rula\documents\visual studio 2010\Projects\Engine\Engine\x64\Debug\link.3372.write.1.tlog
C:\Users\Rula\documents\visual studio 2010\Projects\Engine\Engine\x64\Debug\link.3372-cvtres.read.1.tlog
C:\Users\Rula\documents\visual studio 2010\Projects\Engine\Engine\x64\Debug\link.3372-cvtres.write.1.tlog
C:\Users\Rula\documents\visual studio 2010\Projects\Engine\Engine\x64\Debug\link.3432.read.1.tlog
C:\Users\Rula\documents\visual studio 2010\Projects\Engine\Engine\x64\Debug\link.3432.write.1.tlog
C:\Users\Rula\documents\visual studio 2010\Projects\Engine\Engine\x64\Debug\link.3432-cvtres.read.1.tlog
C:\Users\Rula\documents\visual studio 2010\Projects\Engine\Engine\x64\Debug\link.3432-cvtres.write.1.tlog
C:\Users\Rula\documents\visual studio 2010\Projects\Engine\Engine\x64\Debug\link.3684.read.1.tlog
C:\Users\Rula\documents\visual studio 2010\Projects\Engine\Engine\x64\Debug\link.3684.write.1.tlog
C:\Users\Rula\documents\visual studio 2010\Projects\Engine\Engine\x64\Debug\link.3684-cvtres.read.1.tlog
C:\Users\Rula\documents\visual studio 2010\Projects\Engine\Engine\x64\Debug\link.3684-cvtres.write.1.tlog
C:\Users\Rula\documents\visual studio 2010\Projects\Engine\Engine\x64\Debug\link.3748.read.1.tlog
C:\Users\Rula\documents\visual studio 2010\Projects\Engine\Engine\x64\Debug\link.3748.write.1.tlog
C:\Users\Rula\documents\visual studio 2010\Projects\Engine\Engine\x64\Debug\link.3748-cvtres.read.1.tlog
C:\Users\Rula\documents\visual studio 2010\Projects\Engine\Engine\x64\Debug\link.3748-cvtres.write.1.tlog
C:\Users\Rula\documents\visual studio 2010\Projects\Engine\Engine\x64\Debug\link.4004.read.1.tlog
C:\Users\Rula\documents\visual studio 2010\Projects\Engine\Engine\x64\Debug\link.4004.write.1.tlog
C:\Users\Rula\documents\visual studio 2010\Projects\Engine\Engine\x64\Debug\link.4004-cvtres.read.1.tlog
C:\Users\Rula\documents\visual studio 2010\Projects\Engine\Engine\x64\Debug\link.4004-cvtres.write.1.tlog
C:\Users\Rula\documents\visual studio 2010\Projects\Engine\Engine\x64\Debug\link.616.read.1.tlog
C:\Users\Rula\documents\visual studio 2010\Projects\Engine\Engine\x64\Debug\link.616.write.1.tlog
C:\Users\Rula\documents\visual studio 2010\Projects\Engine\Engine\x64\Debug\link.616-cvtres.read.1.tlog
C:\Users\Rula\documents\visual studio 2010\Projects\Engine\Engine\x64\Debug\link.616-cvtres.write.1.tlog
C:\Users\Rula\documents\visual studio 2010\Projects\Engine\Engine\x64\Debug\link.command.1.tlog
C:\Users\Rula\documents\visual studio 2010\Projects\Engine\Engine\x64\Debug\link.read.1.tlog
C:\Users\Rula\documents\visual studio 2010\Projects\Engine\Engine\x64\Debug\link.write.1.tlog
C:\Users\Rula\documents\visual studio 2010\Projects\Engine\Engine\x64\Debug\link-cvtres.read.1.tlog
C:\Users\Rula\documents\visual studio 2010\Projects\Engine\Engine\x64\Debug\link-cvtres.write.1.tlog
C:\Users\Rula\documents\visual studio 2010\Projects\Engine\Engine\x64\Debug\mt.command.1.tlog
C:\Users\Rula\documents\visual studio 2010\Projects\Engine\Engine\x64\Debug\mt.read.1.tlog
C:\Users\Rula\documents\visual studio 2010\Projects\Engine\Engine\x64\Debug\mt.write.1.tlog
C:\Users\Rula\documents\visual studio 2010\Projects\Engine\Engine\x64\Debug\rc.command.1.tlog
C:\Users\Rula\documents\visual studio 2010\Projects\Engine\Engine\x64\Debug\rc.read.1.tlog
C:\Users\Rula\documents\visual studio 2010\Projects\Engine\Engine\x64\Debug\rc.write.1.tlog
C:\USERS\RULA\DOCUMENTS\VISUAL STUDIO 2010\PROJECTS\ENGINE\ENGINE\X64\DEBUG\START.OBJ
C:\Users\Rula\documents\visual studio 2010\Projects\Engine\Engine\x64\Debug\vc100.idb
C:\USERS\RULA\DOCUMENTS\VISUAL STUDIO 2010\PROJECTS\ENGINE\ENGINE\X64\DEBUG\VC100.PDB
C:\USERS\RULA\DOCUMENTS\VISUAL STUDIO 2010\PROJECTS\ENGINE\X64\DEBUG\ENGINE.EXE
C:\USERS\RULA\DOCUMENTS\VISUAL STUDIO 2010\PROJECTS\ENGINE\X64\DEBUG\ENGINE.ILK
C:\USERS\RULA\DOCUMENTS\VISUAL STUDIO 2010\PROJECTS\ENGINE\X64\DEBUG\ENGINE.PDB
